{
  "stats": {
    "suites": 4,
    "tests": 7,
    "passes": 7,
    "pending": 0,
    "failures": 0,
    "start": "2025-10-28T13:36:02.745Z",
    "end": "2025-10-28T13:36:05.597Z",
    "duration": 2852,
    "testsRegistered": 7,
    "passPercent": 100,
    "pendingPercent": 0,
    "other": 0,
    "hasOther": false,
    "skipped": 0,
    "hasSkipped": false
  },
  "results": [
    {
      "uuid": "b6d05ee9-d996-48f8-9640-de4bc6f605f7",
      "title": "",
      "fullFile": "",
      "file": "",
      "beforeHooks": [],
      "afterHooks": [],
      "tests": [],
      "suites": [
        {
          "uuid": "8a165c34-88be-4086-9866-9fb6cc1d4f80",
          "title": "POST - Create User",
          "fullFile": "/Users/elsa.fauzia/Documents/qa_enginner_digial_skola/tasks/mocha_api_automation/tests/createUser.js",
          "file": "/tests/createUser.js",
          "beforeHooks": [],
          "afterHooks": [],
          "tests": [
            {
              "title": "Create User Successfully",
              "fullTitle": "POST - Create User Create User Successfully",
              "timedOut": false,
              "duration": 903,
              "state": "passed",
              "speed": "slow",
              "pass": true,
              "fail": false,
              "pending": false,
              "context": null,
              "code": "const requestBody = {\n  name: \"elsa farah\",\n  job: \"QA\",\n};\nconst response = await fetch(\"https://reqres.in/api/users\", {\n  method: \"POST\",\n  headers: {\n    \"x-api-key\": \"reqres-free-v1\",\n    \"Content-Type\": \"application/json\",\n  },\n  body: JSON.stringify(requestBody),\n});\nconst responseData = await response.json();\nconsole.log(responseData);\nexpect(response.status).to.equal(201);\nexpect(responseData.name).to.equal(requestBody.name);\nexpect(responseData.job).to.equal(requestBody.job);\nexpect(responseData.id).to.exist;\nexpect(responseData.createdAt).to.not.be.null;",
              "err": {},
              "uuid": "497bc46a-cc96-4dca-915f-daf0562873a1",
              "parentUUID": "8a165c34-88be-4086-9866-9fb6cc1d4f80",
              "isHook": false,
              "skipped": false
            }
          ],
          "suites": [],
          "passes": [
            "497bc46a-cc96-4dca-915f-daf0562873a1"
          ],
          "failures": [],
          "pending": [],
          "skipped": [],
          "duration": 903,
          "root": false,
          "rootEmpty": false,
          "_timeout": 2000
        },
        {
          "uuid": "1634366c-37c7-4621-af39-faff98dc4f43",
          "title": "DELETE - Delete User",
          "fullFile": "/Users/elsa.fauzia/Documents/qa_enginner_digial_skola/tasks/mocha_api_automation/tests/deleteUser.js",
          "file": "/tests/deleteUser.js",
          "beforeHooks": [],
          "afterHooks": [],
          "tests": [
            {
              "title": "Delete User Successfully",
              "fullTitle": "DELETE - Delete User Delete User Successfully",
              "timedOut": false,
              "duration": 342,
              "state": "passed",
              "speed": "slow",
              "pass": true,
              "fail": false,
              "pending": false,
              "context": null,
              "code": "const response = await fetch(\"https://reqres.in/api/users/2\", {\n  method: \"DELETE\",\n  headers: {\n    \"x-api-key\": \"reqres-free-v1\",\n    \"Content-Type\": \"application/json\",\n  },\n});\nconsole.log(\"Status Code:\", response.status);\nexpect(response.status).to.equal(204);",
              "err": {},
              "uuid": "ebff0051-d4cc-4284-8dc8-f8eb1b93e601",
              "parentUUID": "1634366c-37c7-4621-af39-faff98dc4f43",
              "isHook": false,
              "skipped": false
            },
            {
              "title": "Delete User with Invalid API Key",
              "fullTitle": "DELETE - Delete User Delete User with Invalid API Key",
              "timedOut": false,
              "duration": 346,
              "state": "passed",
              "speed": "slow",
              "pass": true,
              "fail": false,
              "pending": false,
              "context": null,
              "code": "const response = await fetch(\"https://reqres.in/api/users\", {\n  method: \"DELETE\",\n  headers: {\n    \"x-api-key\": \"unkown\",\n    \"Content-Type\": \"application/json\",\n  },\n});\nconsole.log(\"Status Code:\", response.status);\nexpect(response.status).to.equal(403);",
              "err": {},
              "uuid": "d39d8e13-0c14-4f88-a84b-861cd0aa9c76",
              "parentUUID": "1634366c-37c7-4621-af39-faff98dc4f43",
              "isHook": false,
              "skipped": false
            }
          ],
          "suites": [],
          "passes": [
            "ebff0051-d4cc-4284-8dc8-f8eb1b93e601",
            "d39d8e13-0c14-4f88-a84b-861cd0aa9c76"
          ],
          "failures": [],
          "pending": [],
          "skipped": [],
          "duration": 688,
          "root": false,
          "rootEmpty": false,
          "_timeout": 2000
        },
        {
          "uuid": "996badd6-25db-4f9b-9c2c-ab8fd15b743c",
          "title": "GET - Get User List",
          "fullFile": "/Users/elsa.fauzia/Documents/qa_enginner_digial_skola/tasks/mocha_api_automation/tests/getUser.js",
          "file": "/tests/getUser.js",
          "beforeHooks": [],
          "afterHooks": [],
          "tests": [
            {
              "title": "Get Multiple List Users",
              "fullTitle": "GET - Get User List Get Multiple List Users",
              "timedOut": false,
              "duration": 94,
              "state": "passed",
              "speed": "slow",
              "pass": true,
              "fail": false,
              "pending": false,
              "context": null,
              "code": "const response = await fetch(\"https://reqres.in/api/users?page=2\", {\n  headers: {\n    \"x-api-key\": \"reqres-free-v1\",\n    \"Content-Type\": \"application/json\",\n  },\n});\nconst responseData = await response.json();\nconsole.log(responseData);\nexpect(response.status).to.equal(200);\nexpect(responseData.page).to.equal(2);\nexpect(responseData.per_page).to.equal(6);\nexpect(responseData.total).to.equal(12);\nexpect(responseData.total_pages).to.equal(2);\nresponseData.data.forEach((user) => {\n  expect(user.id).to.be.a(\"number\");\n  expect(user.email).to.be.a(\"string\").and.include(\"@reqres.in\");\n  expect(user.first_name).to.be.a(\"string\");\n  expect(user.last_name).to.be.a(\"string\");\n  expect(user.avatar).to.match(/^https?:\\/\\/[^\\s$.?#].[^\\s]*$/);\n});",
              "err": {},
              "uuid": "00835f7d-60fd-4bf5-8800-7b7959c8466e",
              "parentUUID": "996badd6-25db-4f9b-9c2c-ab8fd15b743c",
              "isHook": false,
              "skipped": false
            },
            {
              "title": "Get Single User",
              "fullTitle": "GET - Get User List Get Single User",
              "timedOut": false,
              "duration": 179,
              "state": "passed",
              "speed": "slow",
              "pass": true,
              "fail": false,
              "pending": false,
              "context": null,
              "code": "const response = await fetch(\"https://reqres.in/api/users/2\", {\n  headers: {\n    \"x-api-key\": \"reqres-free-v1\",\n    \"Content-Type\": \"application/json\",\n  },\n});\nconst responseData = await response.json();\nconsole.log(responseData);\nexpect(response.status).to.equal(200);\nexpect(responseData.data.email).to.equal(\"janet.weaver@reqres.in\");\nexpect(responseData.data.first_name).to.equal(\"Janet\");\nexpect(responseData.data.last_name).to.equal(\"Weaver\");\nexpect(responseData.data.avatar).to.equal(\n  \"https://reqres.in/img/faces/2-image.jpg\"\n);",
              "err": {},
              "uuid": "5016b0a0-c73c-4445-9717-cf2f7c1e0f7c",
              "parentUUID": "996badd6-25db-4f9b-9c2c-ab8fd15b743c",
              "isHook": false,
              "skipped": false
            },
            {
              "title": "Get Single User with Invalid ID",
              "fullTitle": "GET - Get User List Get Single User with Invalid ID",
              "timedOut": false,
              "duration": 625,
              "state": "passed",
              "speed": "slow",
              "pass": true,
              "fail": false,
              "pending": false,
              "context": null,
              "code": "const response = await fetch(\"https://reqres.in/api/users/elsa\", {\n  headers: {\n    \"x-api-key\": \"reqres-free-v1\",\n    \"Content-Type\": \"application/json\",\n  },\n});\nconsole.log(\"Status Code:\", response.status);\nexpect(response.status).to.equal(404);",
              "err": {},
              "uuid": "cc8bafb8-56b6-4feb-9b2e-7fce3692fba9",
              "parentUUID": "996badd6-25db-4f9b-9c2c-ab8fd15b743c",
              "isHook": false,
              "skipped": false
            }
          ],
          "suites": [],
          "passes": [
            "00835f7d-60fd-4bf5-8800-7b7959c8466e",
            "5016b0a0-c73c-4445-9717-cf2f7c1e0f7c",
            "cc8bafb8-56b6-4feb-9b2e-7fce3692fba9"
          ],
          "failures": [],
          "pending": [],
          "skipped": [],
          "duration": 898,
          "root": false,
          "rootEmpty": false,
          "_timeout": 2000
        },
        {
          "uuid": "c63844c4-01cf-4ac5-b748-4383eb8afc5f",
          "title": "PATCH - Update User",
          "fullFile": "/Users/elsa.fauzia/Documents/qa_enginner_digial_skola/tasks/mocha_api_automation/tests/updateUser.js",
          "file": "/tests/updateUser.js",
          "beforeHooks": [],
          "afterHooks": [],
          "tests": [
            {
              "title": "Update User Successfully",
              "fullTitle": "PATCH - Update User Update User Successfully",
              "timedOut": false,
              "duration": 351,
              "state": "passed",
              "speed": "slow",
              "pass": true,
              "fail": false,
              "pending": false,
              "context": null,
              "code": "const requestBody = {\n  name: \"momo\",\n  job: \"Software Engineer\",\n};\nconst response = await fetch(\"https://reqres.in/api/users/2\", {\n  method: \"PATCH\",\n  headers: {\n    \"x-api-key\": \"reqres-free-v1\",\n    \"Content-Type\": \"application/json\",\n  },\n  body: JSON.stringify(requestBody),\n});\nconst responseData = await response.json();\nconsole.log(responseData);\nexpect(response.status).to.equal(200);\nexpect(responseData.name).to.equal(requestBody.name);\nexpect(responseData.job).to.equal(requestBody.job);\nexpect(responseData.updatedAt).to.not.be.null;",
              "err": {},
              "uuid": "cbc37f87-d25a-4c2b-bf1f-0fa6797bacb6",
              "parentUUID": "c63844c4-01cf-4ac5-b748-4383eb8afc5f",
              "isHook": false,
              "skipped": false
            }
          ],
          "suites": [],
          "passes": [
            "cbc37f87-d25a-4c2b-bf1f-0fa6797bacb6"
          ],
          "failures": [],
          "pending": [],
          "skipped": [],
          "duration": 351,
          "root": false,
          "rootEmpty": false,
          "_timeout": 2000
        }
      ],
      "passes": [],
      "failures": [],
      "pending": [],
      "skipped": [],
      "duration": 0,
      "root": true,
      "rootEmpty": true,
      "_timeout": 2000
    }
  ],
  "meta": {
    "mocha": {
      "version": "11.7.4"
    },
    "mochawesome": {
      "options": {
        "quiet": false,
        "reportFilename": "mochawesome",
        "saveHtml": true,
        "saveJson": true,
        "consoleReporter": "spec",
        "useInlineDiffs": false,
        "code": true
      },
      "version": "7.1.4"
    },
    "marge": {
      "options": null,
      "version": "6.3.0"
    }
  }
}